<?xml version="1.0" encoding="UTF-8"?>
<robot generator="Robot 3.2.2 (Python 3.9.0 on win32)" generated="20201210 16:23:34.658" rpa="false">
<suite id="s1" name="testcases Tasoristeys" source="C:\Users\niko.lahtinen\Documents\git-repo\Digiroad-Vayla\Robot-Tests\testcases_Tasoristeys.robot">
<kw name="Login To DigiRoad" library="common_keywords" type="setup">
<kw name="Log" library="BuiltIn">
<doc>Logs the given message with the given level.</doc>
<arguments>
<arg>${BROWSER}</arg>
</arguments>
<msg timestamp="20201210 16:23:34.970" level="INFO">Chrome</msg>
<status status="PASS" starttime="20201210 16:23:34.970" endtime="20201210 16:23:34.970"></status>
</kw>
<kw name="Log" library="BuiltIn">
<doc>Logs the given message with the given level.</doc>
<arguments>
<arg>${LOGIN URL}</arg>
</arguments>
<msg timestamp="20201210 16:23:34.971" level="INFO">https://testiextranet.vayla.fi/digiroad/</msg>
<status status="PASS" starttime="20201210 16:23:34.970" endtime="20201210 16:23:34.971"></status>
</kw>
<kw name="Open Browser" library="SeleniumLibrary">
<doc>Opens a new browser instance to the optional ``url``.</doc>
<arguments>
<arg>${LOGIN URL}</arg>
<arg>${BROWSER}</arg>
</arguments>
<msg timestamp="20201210 16:23:34.971" level="INFO">Opening browser 'Chrome' to base url 'https://testiextranet.vayla.fi/digiroad/'.</msg>
<status status="PASS" starttime="20201210 16:23:34.971" endtime="20201210 16:23:40.025"></status>
</kw>
<kw name="Set Window Size" library="SeleniumLibrary">
<doc>Sets current windows size to given ``width`` and ``height``.</doc>
<arguments>
<arg>1920</arg>
<arg>1200</arg>
</arguments>
<status status="PASS" starttime="20201210 16:23:40.026" endtime="20201210 16:23:42.154"></status>
</kw>
<kw name="Set Selenium Speed" library="SeleniumLibrary">
<doc>Sets the delay that is waited after each Selenium command.</doc>
<arguments>
<arg>${DELAY}</arg>
</arguments>
<status status="PASS" starttime="20201210 16:23:42.154" endtime="20201210 16:23:42.156"></status>
</kw>
<kw name="Wait Until Element Is Visible" library="SeleniumLibrary">
<doc>Waits until the element ``locator`` is visible.</doc>
<arguments>
<arg>${LiviUserNameField}</arg>
</arguments>
<status status="PASS" starttime="20201210 16:23:42.156" endtime="20201210 16:23:42.585"></status>
</kw>
<kw name="Set Variable" library="BuiltIn">
<doc>Returns the given values which can then be assigned to a variables.</doc>
<arguments>
<arg>${LOG LEVEL}</arg>
</arguments>
<assign>
<var>${temp}</var>
</assign>
<msg timestamp="20201210 16:23:42.586" level="INFO">${temp} = INFO</msg>
<status status="PASS" starttime="20201210 16:23:42.585" endtime="20201210 16:23:42.586"></status>
</kw>
<kw name="Input Password" library="SeleniumLibrary">
<doc>Types the given password into the text field identified by ``locator``.</doc>
<arguments>
<arg>${LiviUserNameField}</arg>
<arg>${LiviUSER}</arg>
</arguments>
<msg timestamp="20201210 16:23:42.586" level="INFO">Typing password into text field 'id=username'.</msg>
<msg timestamp="20201210 16:23:43.024" level="INFO">Temporally setting log level to: NONE</msg>
<msg timestamp="20201210 16:23:43.264" level="INFO">Log level changed from NONE to INFO.</msg>
<status status="PASS" starttime="20201210 16:23:42.586" endtime="20201210 16:23:43.264"></status>
</kw>
<kw name="Input Password" library="SeleniumLibrary">
<doc>Types the given password into the text field identified by ``locator``.</doc>
<arguments>
<arg>${LiviPasswordField}</arg>
<arg>${LiviPWD}</arg>
</arguments>
<msg timestamp="20201210 16:23:43.264" level="INFO">Typing password into text field 'id=password'.</msg>
<msg timestamp="20201210 16:23:43.706" level="INFO">Temporally setting log level to: NONE</msg>
<msg timestamp="20201210 16:23:43.948" level="INFO">Log level changed from NONE to INFO.</msg>
<status status="PASS" starttime="20201210 16:23:43.264" endtime="20201210 16:23:43.948"></status>
</kw>
<kw name="Click Button" library="SeleniumLibrary">
<doc>Clicks the button identified by ``locator``.</doc>
<arguments>
<arg>${LiviLoginButton}</arg>
</arguments>
<msg timestamp="20201210 16:23:43.949" level="INFO">Clicking button 'css=.submit'.</msg>
<status status="PASS" starttime="20201210 16:23:43.949" endtime="20201210 16:23:51.126"></status>
</kw>
<kw name="Set Log Level" library="BuiltIn">
<doc>Sets the log threshold to the specified level and returns the old level.</doc>
<arguments>
<arg>${temp}</arg>
</arguments>
<msg timestamp="20201210 16:23:51.126" level="INFO">Log level changed from INFO to INFO.</msg>
<status status="PASS" starttime="20201210 16:23:51.126" endtime="20201210 16:23:51.126"></status>
</kw>
<kw name="Wait Until Element Is Visible" library="SeleniumLibrary">
<doc>Waits until the element ``locator`` is visible.</doc>
<arguments>
<arg>${kartta}</arg>
<arg>30</arg>
</arguments>
<status status="PASS" starttime="20201210 16:23:51.127" endtime="20201210 16:23:51.554"></status>
</kw>
<kw name="Odota sivun latautuminen" library="common_keywords">
<kw name="Wait Until Keyword Succeeds" library="BuiltIn">
<doc>Runs the specified keyword and retries if it fails.</doc>
<arguments>
<arg>10 min</arg>
<arg>10 sec</arg>
<arg>Element Should Not Be Visible</arg>
<arg>class=loadingBar</arg>
</arguments>
<kw name="Element Should Not Be Visible" library="SeleniumLibrary">
<doc>Verifies that the element identified by ``locator`` is NOT visible.</doc>
<arguments>
<arg>class=loadingBar</arg>
</arguments>
<msg timestamp="20201210 16:23:51.769" level="INFO">Element 'class=loadingBar' did not exist.</msg>
<status status="PASS" starttime="20201210 16:23:51.555" endtime="20201210 16:23:51.769"></status>
</kw>
<status status="PASS" starttime="20201210 16:23:51.554" endtime="20201210 16:23:51.769"></status>
</kw>
<status status="PASS" starttime="20201210 16:23:51.554" endtime="20201210 16:23:51.769"></status>
</kw>
<kw name="Sleep" library="BuiltIn">
<doc>Pauses the test executed for the given time.</doc>
<arguments>
<arg>5</arg>
</arguments>
<msg timestamp="20201210 16:23:56.770" level="INFO">Slept 5 seconds</msg>
<status status="PASS" starttime="20201210 16:23:51.769" endtime="20201210 16:23:56.770"></status>
</kw>
<status status="PASS" starttime="20201210 16:23:34.970" endtime="20201210 16:23:56.770"></status>
</kw>
<test id="s1-t1" name="Tasoristeys 4">
<kw name="Testin Aloitus" library="common_keywords" type="setup">
<kw name="Set Selenium Speed" library="SeleniumLibrary">
<doc>Sets the delay that is waited after each Selenium command.</doc>
<arguments>
<arg>${DELAY}</arg>
</arguments>
<status status="PASS" starttime="20201210 16:23:56.816" endtime="20201210 16:23:56.817"></status>
</kw>
<kw name="Go To" library="SeleniumLibrary">
<doc>Navigates the current browser window to the provided ``url``.</doc>
<arguments>
<arg>${LOGIN URL}</arg>
</arguments>
<msg timestamp="20201210 16:23:56.818" level="INFO">Opening url 'https://testiextranet.vayla.fi/digiroad/'</msg>
<status status="PASS" starttime="20201210 16:23:56.818" endtime="20201210 16:23:58.354"></status>
</kw>
<kw name="Wait Until Element Is Enabled" library="SeleniumLibrary">
<doc>Waits until the element ``locator`` is enabled.</doc>
<arguments>
<arg>${kartta}</arg>
</arguments>
<status status="PASS" starttime="20201210 16:23:58.354" endtime="20201210 16:23:58.987"></status>
</kw>
<kw name="Wait Until Element Is Visible" library="SeleniumLibrary">
<doc>Waits until the element ``locator`` is visible.</doc>
<arguments>
<arg>${Siirry muokkaustilaan}</arg>
<arg>120</arg>
</arguments>
<status status="PASS" starttime="20201210 16:23:58.987" endtime="20201210 16:24:00.675"></status>
</kw>
<status status="PASS" starttime="20201210 16:23:56.815" endtime="20201210 16:24:00.675"></status>
</kw>
<kw name="Tasoristeys_4" library="KW_Tasoristeys">
<arguments>
<arg>7537607, 583699</arg>
</arguments>
<kw name="Get Current Date" library="DateTime">
<doc>Returns current local or UTC time with an optional increment.</doc>
<arguments>
<arg>result_format=%d.%m.%Y</arg>
</arguments>
<assign>
<var>${date}</var>
</assign>
<msg timestamp="20201210 16:24:00.677" level="INFO">${date} = 10.12.2020</msg>
<status status="PASS" starttime="20201210 16:24:00.676" endtime="20201210 16:24:00.677"></status>
</kw>
<kw name="Siirry Testipaikkaan" library="common_keywords">
<arguments>
<arg>${TL_Rautatien_tasoristeys_RB}</arg>
<arg>${testipaikka}</arg>
</arguments>
<kw name="Wait Until Element Is Visible" library="SeleniumLibrary">
<doc>Waits until the element ``locator`` is visible.</doc>
<arguments>
<arg>${valitse tietolaji}</arg>
</arguments>
<status status="PASS" starttime="20201210 16:24:00.677" endtime="20201210 16:24:01.101"></status>
</kw>
<kw name="Vaihda Tietolaji" library="common_keywords">
<arguments>
<arg>${Tietolaji}</arg>
</arguments>
<kw name="Wait Until Element Is Visible" library="SeleniumLibrary">
<doc>Waits until the element ``locator`` is visible.</doc>
<arguments>
<arg>${valitse tietolaji}</arg>
</arguments>
<status status="PASS" starttime="20201210 16:24:01.101" endtime="20201210 16:24:01.518"></status>
</kw>
<kw name="Click Element" library="SeleniumLibrary">
<doc>Click the element identified by ``locator``.</doc>
<arguments>
<arg>${valitse tietolaji}</arg>
</arguments>
<msg timestamp="20201210 16:24:01.519" level="INFO">Clicking element 'css=.panel-header .action-mode-btn.btn.btn-block.btn-primary'.</msg>
<status status="PASS" starttime="20201210 16:24:01.519" endtime="20201210 16:24:02.005"></status>
</kw>
<kw name="Wait Until Element Is Visible" library="SeleniumLibrary">
<doc>Waits until the element ``locator`` is visible.</doc>
<arguments>
<arg>${Valitse_tietolaji_ikkuna}</arg>
</arguments>
<status status="PASS" starttime="20201210 16:24:02.005" endtime="20201210 16:24:02.461"></status>
</kw>
<kw name="Select Radio Button" library="SeleniumLibrary">
<doc>Sets the radio button group ``group_name`` to ``value``.</doc>
<arguments>
<arg>${Tietolaji_RB_group}</arg>
<arg>${tietolaji_locator}</arg>
</arguments>
<msg timestamp="20201210 16:24:02.463" level="INFO">Selecting 'railwayCrossings' from radio button 'navigation-radio'.</msg>
<status status="PASS" starttime="20201210 16:24:02.462" endtime="20201210 16:24:03.257"></status>
</kw>
<status status="PASS" starttime="20201210 16:24:01.101" endtime="20201210 16:24:03.258"></status>
</kw>
<kw name="Paikanna osoite" library="common_keywords">
<arguments>
<arg>${testipaikka}</arg>
</arguments>
<kw name="Log" library="BuiltIn">
<doc>Logs the given message with the given level.</doc>
<arguments>
<arg>Käyttää hakua paikantamaan osoite</arg>
</arguments>
<msg timestamp="20201210 16:24:03.260" level="INFO">Käyttää hakua paikantamaan osoite</msg>
<status status="PASS" starttime="20201210 16:24:03.260" endtime="20201210 16:24:03.261"></status>
</kw>
<kw name="Wait Until Element Is Visible" library="SeleniumLibrary">
<doc>Waits until the element ``locator`` is visible.</doc>
<arguments>
<arg>${kartta}</arg>
</arguments>
<status status="PASS" starttime="20201210 16:24:03.261" endtime="20201210 16:24:03.741"></status>
</kw>
<kw name="Input Text" library="SeleniumLibrary">
<doc>Types the given ``text`` into the text field identified by ``locator``.</doc>
<arguments>
<arg>${Hae_syotekentta}</arg>
<arg>${Osoite}</arg>
</arguments>
<msg timestamp="20201210 16:24:03.744" level="INFO">Typing text '7537607, 583699' into text field 'css=.location.input-sm'.</msg>
<status status="PASS" starttime="20201210 16:24:03.742" endtime="20201210 16:24:04.594"></status>
</kw>
<kw name="Click Element" library="SeleniumLibrary">
<doc>Click the element identified by ``locator``.</doc>
<arguments>
<arg>${Hae_btn}</arg>
</arguments>
<msg timestamp="20201210 16:24:04.598" level="INFO">Clicking element 'css=.panel-header .btn.btn-sm.btn-primary'.</msg>
<status status="PASS" starttime="20201210 16:24:04.595" endtime="20201210 16:24:05.115"></status>
</kw>
<kw name="Wait Until Element Is Visible" library="SeleniumLibrary">
<doc>Waits until the element ``locator`` is visible.</doc>
<arguments>
<arg>${Kartta}</arg>
</arguments>
<status status="PASS" starttime="20201210 16:24:05.115" endtime="20201210 16:24:05.551"></status>
</kw>
<kw name="Wait Until Element Is Visible" library="SeleniumLibrary">
<doc>Waits until the element ``locator`` is visible.</doc>
<arguments>
<arg>${Haku_tulokset}</arg>
<arg>10</arg>
</arguments>
<status status="PASS" starttime="20201210 16:24:05.551" endtime="20201210 16:24:05.988"></status>
</kw>
<kw name="Wait Until Keyword Succeeds" library="BuiltIn">
<doc>Runs the specified keyword and retries if it fails.</doc>
<arguments>
<arg>30 sec</arg>
<arg>5 sec</arg>
<arg>click element</arg>
<arg>${Tyhjenna_tulokset_btn}</arg>
</arguments>
<kw name="Click Element" library="SeleniumLibrary">
<doc>Click the element identified by ``locator``.</doc>
<arguments>
<arg>${Tyhjenna_tulokset_btn}</arg>
</arguments>
<msg timestamp="20201210 16:24:05.989" level="INFO">Clicking element 'css=.panel-section button.btn.btn-secondary'.</msg>
<status status="PASS" starttime="20201210 16:24:05.989" endtime="20201210 16:24:06.433"></status>
</kw>
<status status="PASS" starttime="20201210 16:24:05.988" endtime="20201210 16:24:06.433"></status>
</kw>
<status status="PASS" starttime="20201210 16:24:03.258" endtime="20201210 16:24:06.433"></status>
</kw>
<kw name="Zoomaa kartta" library="common_keywords">
<arguments>
<arg>5</arg>
<arg>20 m</arg>
</arguments>
<kw name="Log" library="BuiltIn">
<doc>Logs the given message with the given level.</doc>
<arguments>
<arg>Zoomataan karttaa annetun maksimin mukaan, tai jos maksimia ei ole annettu kunnes mittasuhde on 1:10 000</arg>
</arguments>
<msg timestamp="20201210 16:24:06.434" level="INFO">Zoomataan karttaa annetun maksimin mukaan, tai jos maksimia ei ole annettu kunnes mittasuhde on 1:10 000</msg>
<status status="PASS" starttime="20201210 16:24:06.434" endtime="20201210 16:24:06.434"></status>
</kw>
<kw name="${i} IN RANGE [ ${loopvalue} ]" type="for">
<kw name="${i} = 0" type="foritem">
<kw name="Get Text" library="SeleniumLibrary">
<doc>Returns the text value of the element identified by ``locator``.</doc>
<arguments>
<arg>${skaala}</arg>
</arguments>
<assign>
<var>${var}</var>
</assign>
<msg timestamp="20201210 16:24:06.869" level="INFO">${var} = 200 m</msg>
<status status="PASS" starttime="20201210 16:24:06.434" endtime="20201210 16:24:06.869"></status>
</kw>
<kw name="Run Keyword If" library="BuiltIn">
<doc>Runs the given keyword with the given arguments, if ``condition`` is true.</doc>
<arguments>
<arg>'${var}' == '${maxskaala}'</arg>
<arg>Exit For Loop</arg>
</arguments>
<status status="PASS" starttime="20201210 16:24:06.869" endtime="20201210 16:24:06.869"></status>
</kw>
<kw name="Click Element" library="SeleniumLibrary">
<doc>Click the element identified by ``locator``.</doc>
<arguments>
<arg>${zoombar_plus}</arg>
</arguments>
<msg timestamp="20201210 16:24:06.870" level="INFO">Clicking element 'css=.plus'.</msg>
<status status="PASS" starttime="20201210 16:24:06.869" endtime="20201210 16:24:07.339"></status>
</kw>
<kw name="Sleep" library="BuiltIn">
<doc>Pauses the test executed for the given time.</doc>
<arguments>
<arg>0.5 sec</arg>
</arguments>
<msg timestamp="20201210 16:24:07.840" level="INFO">Slept 500 milliseconds</msg>
<status status="PASS" starttime="20201210 16:24:07.339" endtime="20201210 16:24:07.840"></status>
</kw>
<status status="PASS" starttime="20201210 16:24:06.434" endtime="20201210 16:24:07.840"></status>
</kw>
<kw name="${i} = 1" type="foritem">
<kw name="Get Text" library="SeleniumLibrary">
<doc>Returns the text value of the element identified by ``locator``.</doc>
<arguments>
<arg>${skaala}</arg>
</arguments>
<assign>
<var>${var}</var>
</assign>
<msg timestamp="20201210 16:24:08.259" level="INFO">${var} = 100 m</msg>
<status status="PASS" starttime="20201210 16:24:07.840" endtime="20201210 16:24:08.259"></status>
</kw>
<kw name="Run Keyword If" library="BuiltIn">
<doc>Runs the given keyword with the given arguments, if ``condition`` is true.</doc>
<arguments>
<arg>'${var}' == '${maxskaala}'</arg>
<arg>Exit For Loop</arg>
</arguments>
<status status="PASS" starttime="20201210 16:24:08.259" endtime="20201210 16:24:08.260"></status>
</kw>
<kw name="Click Element" library="SeleniumLibrary">
<doc>Click the element identified by ``locator``.</doc>
<arguments>
<arg>${zoombar_plus}</arg>
</arguments>
<msg timestamp="20201210 16:24:08.260" level="INFO">Clicking element 'css=.plus'.</msg>
<status status="PASS" starttime="20201210 16:24:08.260" endtime="20201210 16:24:08.687"></status>
</kw>
<kw name="Sleep" library="BuiltIn">
<doc>Pauses the test executed for the given time.</doc>
<arguments>
<arg>0.5 sec</arg>
</arguments>
<msg timestamp="20201210 16:24:09.188" level="INFO">Slept 500 milliseconds</msg>
<status status="PASS" starttime="20201210 16:24:08.687" endtime="20201210 16:24:09.188"></status>
</kw>
<status status="PASS" starttime="20201210 16:24:07.840" endtime="20201210 16:24:09.188"></status>
</kw>
<kw name="${i} = 2" type="foritem">
<kw name="Get Text" library="SeleniumLibrary">
<doc>Returns the text value of the element identified by ``locator``.</doc>
<arguments>
<arg>${skaala}</arg>
</arguments>
<assign>
<var>${var}</var>
</assign>
<msg timestamp="20201210 16:24:09.607" level="INFO">${var} = 50 m</msg>
<status status="PASS" starttime="20201210 16:24:09.188" endtime="20201210 16:24:09.607"></status>
</kw>
<kw name="Run Keyword If" library="BuiltIn">
<doc>Runs the given keyword with the given arguments, if ``condition`` is true.</doc>
<arguments>
<arg>'${var}' == '${maxskaala}'</arg>
<arg>Exit For Loop</arg>
</arguments>
<status status="PASS" starttime="20201210 16:24:09.607" endtime="20201210 16:24:09.607"></status>
</kw>
<kw name="Click Element" library="SeleniumLibrary">
<doc>Click the element identified by ``locator``.</doc>
<arguments>
<arg>${zoombar_plus}</arg>
</arguments>
<msg timestamp="20201210 16:24:09.607" level="INFO">Clicking element 'css=.plus'.</msg>
<status status="PASS" starttime="20201210 16:24:09.607" endtime="20201210 16:24:10.040"></status>
</kw>
<kw name="Sleep" library="BuiltIn">
<doc>Pauses the test executed for the given time.</doc>
<arguments>
<arg>0.5 sec</arg>
</arguments>
<msg timestamp="20201210 16:24:10.542" level="INFO">Slept 500 milliseconds</msg>
<status status="PASS" starttime="20201210 16:24:10.040" endtime="20201210 16:24:10.542"></status>
</kw>
<status status="PASS" starttime="20201210 16:24:09.188" endtime="20201210 16:24:10.542"></status>
</kw>
<kw name="${i} = 3" type="foritem">
<kw name="Get Text" library="SeleniumLibrary">
<doc>Returns the text value of the element identified by ``locator``.</doc>
<arguments>
<arg>${skaala}</arg>
</arguments>
<assign>
<var>${var}</var>
</assign>
<msg timestamp="20201210 16:24:10.957" level="INFO">${var} = 20 m</msg>
<status status="PASS" starttime="20201210 16:24:10.542" endtime="20201210 16:24:10.957"></status>
</kw>
<kw name="Run Keyword If" library="BuiltIn">
<doc>Runs the given keyword with the given arguments, if ``condition`` is true.</doc>
<arguments>
<arg>'${var}' == '${maxskaala}'</arg>
<arg>Exit For Loop</arg>
</arguments>
<kw name="Exit For Loop" library="BuiltIn">
<doc>Stops executing the enclosing for loop.</doc>
<msg timestamp="20201210 16:24:10.958" level="INFO">Exiting for loop altogether.</msg>
<status status="PASS" starttime="20201210 16:24:10.957" endtime="20201210 16:24:10.958"></status>
</kw>
<status status="PASS" starttime="20201210 16:24:10.957" endtime="20201210 16:24:10.958"></status>
</kw>
<status status="PASS" starttime="20201210 16:24:10.542" endtime="20201210 16:24:10.958"></status>
</kw>
<status status="PASS" starttime="20201210 16:24:06.434" endtime="20201210 16:24:10.958"></status>
</kw>
<kw name="Odota sivun latautuminen" library="common_keywords">
<kw name="Wait Until Keyword Succeeds" library="BuiltIn">
<doc>Runs the specified keyword and retries if it fails.</doc>
<arguments>
<arg>10 min</arg>
<arg>10 sec</arg>
<arg>Element Should Not Be Visible</arg>
<arg>class=loadingBar</arg>
</arguments>
<kw name="Element Should Not Be Visible" library="SeleniumLibrary">
<doc>Verifies that the element identified by ``locator`` is NOT visible.</doc>
<arguments>
<arg>class=loadingBar</arg>
</arguments>
<msg timestamp="20201210 16:24:11.385" level="FAIL">The element 'class=loadingBar' should not be visible, but it is.</msg>
<status status="FAIL" starttime="20201210 16:24:10.959" endtime="20201210 16:24:11.385"></status>
</kw>
<kw name="Element Should Not Be Visible" library="SeleniumLibrary">
<doc>Verifies that the element identified by ``locator`` is NOT visible.</doc>
<arguments>
<arg>class=loadingBar</arg>
</arguments>
<msg timestamp="20201210 16:24:21.595" level="INFO">Element 'class=loadingBar' did not exist.</msg>
<status status="PASS" starttime="20201210 16:24:21.385" endtime="20201210 16:24:21.595"></status>
</kw>
<status status="PASS" starttime="20201210 16:24:10.959" endtime="20201210 16:24:21.595"></status>
</kw>
<status status="PASS" starttime="20201210 16:24:10.958" endtime="20201210 16:24:21.595"></status>
</kw>
<status status="PASS" starttime="20201210 16:24:06.433" endtime="20201210 16:24:21.595"></status>
</kw>
<kw name="Odota sivun latautuminen" library="common_keywords">
<kw name="Wait Until Keyword Succeeds" library="BuiltIn">
<doc>Runs the specified keyword and retries if it fails.</doc>
<arguments>
<arg>10 min</arg>
<arg>10 sec</arg>
<arg>Element Should Not Be Visible</arg>
<arg>class=loadingBar</arg>
</arguments>
<kw name="Element Should Not Be Visible" library="SeleniumLibrary">
<doc>Verifies that the element identified by ``locator`` is NOT visible.</doc>
<arguments>
<arg>class=loadingBar</arg>
</arguments>
<msg timestamp="20201210 16:24:21.803" level="INFO">Element 'class=loadingBar' did not exist.</msg>
<status status="PASS" starttime="20201210 16:24:21.596" endtime="20201210 16:24:21.803"></status>
</kw>
<status status="PASS" starttime="20201210 16:24:21.596" endtime="20201210 16:24:21.803"></status>
</kw>
<status status="PASS" starttime="20201210 16:24:21.595" endtime="20201210 16:24:21.803"></status>
</kw>
<status status="PASS" starttime="20201210 16:24:00.677" endtime="20201210 16:24:21.803"></status>
</kw>
<kw name="Odota sivun latautuminen" library="common_keywords">
<kw name="Wait Until Keyword Succeeds" library="BuiltIn">
<doc>Runs the specified keyword and retries if it fails.</doc>
<arguments>
<arg>10 min</arg>
<arg>10 sec</arg>
<arg>Element Should Not Be Visible</arg>
<arg>class=loadingBar</arg>
</arguments>
<kw name="Element Should Not Be Visible" library="SeleniumLibrary">
<doc>Verifies that the element identified by ``locator`` is NOT visible.</doc>
<arguments>
<arg>class=loadingBar</arg>
</arguments>
<msg timestamp="20201210 16:24:22.012" level="INFO">Element 'class=loadingBar' did not exist.</msg>
<status status="PASS" starttime="20201210 16:24:21.804" endtime="20201210 16:24:22.012"></status>
</kw>
<status status="PASS" starttime="20201210 16:24:21.804" endtime="20201210 16:24:22.012"></status>
</kw>
<status status="PASS" starttime="20201210 16:24:21.804" endtime="20201210 16:24:22.012"></status>
</kw>
<kw name="Alusta Testipaikka" library="common_keywords">
<kw name="Log" library="BuiltIn">
<doc>Logs the given message with the given level.</doc>
<arguments>
<arg>Jos testipaikalla on valmiiksi kohde, vanha poistetaan.</arg>
</arguments>
<msg timestamp="20201210 16:24:22.013" level="INFO">Jos testipaikalla on valmiiksi kohde, vanha poistetaan.</msg>
<status status="PASS" starttime="20201210 16:24:22.013" endtime="20201210 16:24:22.013"></status>
</kw>
<kw name="Click Element At Coordinates" library="SeleniumLibrary">
<doc>Click the element ``locator`` at ``xoffset/yoffset``.</doc>
<arguments>
<arg>${Kartta}</arg>
<arg>0</arg>
<arg>20</arg>
</arguments>
<msg timestamp="20201210 16:24:22.014" level="INFO">Clicking element 'id=mapdiv' at coordinates x=0, y=20.</msg>
<status status="PASS" starttime="20201210 16:24:22.014" endtime="20201210 16:24:22.960"></status>
</kw>
<kw name="Run Keyword And Return Status" library="BuiltIn">
<doc>Runs the given keyword with given arguments and returns the status as a Boolean value.</doc>
<arguments>
<arg>Wait Until Element Is Visible</arg>
<arg>${FA_otsikko}</arg>
<arg>10</arg>
</arguments>
<assign>
<var>${status}</var>
</assign>
<kw name="Wait Until Element Is Visible" library="SeleniumLibrary">
<doc>Waits until the element ``locator`` is visible.</doc>
<arguments>
<arg>${FA_otsikko}</arg>
<arg>10</arg>
</arguments>
<msg timestamp="20201210 16:24:33.207" level="FAIL">Element 'css=#feature-attributes-header &gt; span' not visible after 10 seconds.</msg>
<status status="FAIL" starttime="20201210 16:24:22.960" endtime="20201210 16:24:33.207"></status>
</kw>
<msg timestamp="20201210 16:24:33.207" level="INFO">${status} = False</msg>
<status status="PASS" starttime="20201210 16:24:22.960" endtime="20201210 16:24:33.207"></status>
</kw>
<kw name="Run Keyword If" library="BuiltIn">
<doc>Runs the given keyword with the given arguments, if ``condition`` is true.</doc>
<arguments>
<arg>'${status}'=='True'</arg>
<arg>Poista Kohde</arg>
</arguments>
<status status="PASS" starttime="20201210 16:24:33.208" endtime="20201210 16:24:33.208"></status>
</kw>
<status status="PASS" starttime="20201210 16:24:22.013" endtime="20201210 16:24:33.208"></status>
</kw>
<kw name="Log" library="BuiltIn">
<doc>Logs the given message with the given level.</doc>
<arguments>
<arg>Luodaan uusi este, tarkistetaan Datetimen avulla luontipäivä.</arg>
</arguments>
<msg timestamp="20201210 16:24:33.208" level="INFO">Luodaan uusi este, tarkistetaan Datetimen avulla luontipäivä.</msg>
<status status="PASS" starttime="20201210 16:24:33.208" endtime="20201210 16:24:33.208"></status>
</kw>
<kw name="Luo tasoristeys" library="KW_Tasoristeys">
<arguments>
<arg>tyyppi</arg>
</arguments>
<kw name="Log" library="BuiltIn">
<doc>Logs the given message with the given level.</doc>
<arguments>
<arg>Vaihtaa muokkaustilaan ja luo uuden tasoristeyksen kartan osoittamaan kohtaan.</arg>
</arguments>
<msg timestamp="20201210 16:24:33.209" level="INFO">Vaihtaa muokkaustilaan ja luo uuden tasoristeyksen kartan osoittamaan kohtaan.</msg>
<status status="PASS" starttime="20201210 16:24:33.209" endtime="20201210 16:24:33.209"></status>
</kw>
<kw name="Siirry Muokkaustilaan" library="common_keywords">
<kw name="Wait Until Element Is Visible" library="SeleniumLibrary">
<doc>Waits until the element ``locator`` is visible.</doc>
<arguments>
<arg>${Siirry muokkaustilaan}</arg>
</arguments>
<status status="PASS" starttime="20201210 16:24:33.209" endtime="20201210 16:24:33.636"></status>
</kw>
<kw name="Click Element" library="SeleniumLibrary">
<doc>Click the element identified by ``locator``.</doc>
<arguments>
<arg>${Siirry muokkaustilaan}</arg>
</arguments>
<msg timestamp="20201210 16:24:33.636" level="INFO">Clicking element 'css=.panel-group:not([style="display: none;"]) .action-mode-btn.btn.btn-block.edit-mode-btn.btn-primary'.</msg>
<status status="PASS" starttime="20201210 16:24:33.636" endtime="20201210 16:24:34.098"></status>
</kw>
<status status="PASS" starttime="20201210 16:24:33.209" endtime="20201210 16:24:34.098"></status>
</kw>
<kw name="Odota sivun latautuminen" library="common_keywords">
<kw name="Wait Until Keyword Succeeds" library="BuiltIn">
<doc>Runs the specified keyword and retries if it fails.</doc>
<arguments>
<arg>10 min</arg>
<arg>10 sec</arg>
<arg>Element Should Not Be Visible</arg>
<arg>class=loadingBar</arg>
</arguments>
<kw name="Element Should Not Be Visible" library="SeleniumLibrary">
<doc>Verifies that the element identified by ``locator`` is NOT visible.</doc>
<arguments>
<arg>class=loadingBar</arg>
</arguments>
<msg timestamp="20201210 16:24:34.308" level="INFO">Element 'class=loadingBar' did not exist.</msg>
<status status="PASS" starttime="20201210 16:24:34.099" endtime="20201210 16:24:34.308"></status>
</kw>
<status status="PASS" starttime="20201210 16:24:34.099" endtime="20201210 16:24:34.308"></status>
</kw>
<status status="PASS" starttime="20201210 16:24:34.098" endtime="20201210 16:24:34.308"></status>
</kw>
<kw name="Tarkista tasoristeyksen olemassaolo" library="KW_Tasoristeys">
<kw name="Click Element At Coordinates" library="SeleniumLibrary">
<doc>Click the element ``locator`` at ``xoffset/yoffset``.</doc>
<arguments>
<arg>${kartta}</arg>
<arg>20</arg>
<arg>-30</arg>
</arguments>
<msg timestamp="20201210 16:24:34.309" level="INFO">Clicking element 'id=mapdiv' at coordinates x=20, y=-30.</msg>
<status status="PASS" starttime="20201210 16:24:34.309" endtime="20201210 16:24:35.243"></status>
</kw>
<kw name="Run Keyword And Return Status" library="BuiltIn">
<doc>Runs the given keyword with given arguments and returns the status as a Boolean value.</doc>
<arguments>
<arg>wait until element is visible</arg>
<arg>${FA_otsikko}</arg>
<arg>timeout=3</arg>
</arguments>
<assign>
<var>${passed}</var>
</assign>
<kw name="Wait Until Element Is Visible" library="SeleniumLibrary">
<doc>Waits until the element ``locator`` is visible.</doc>
<arguments>
<arg>${FA_otsikko}</arg>
<arg>timeout=3</arg>
</arguments>
<msg timestamp="20201210 16:24:38.514" level="FAIL">Element 'css=#feature-attributes-header &gt; span' not visible after 3 seconds.</msg>
<status status="FAIL" starttime="20201210 16:24:35.243" endtime="20201210 16:24:38.516"></status>
</kw>
<msg timestamp="20201210 16:24:38.516" level="INFO">${passed} = False</msg>
<status status="PASS" starttime="20201210 16:24:35.243" endtime="20201210 16:24:38.516"></status>
</kw>
<kw name="Run Keyword If" library="BuiltIn">
<doc>Runs the given keyword with the given arguments, if ``condition`` is true.</doc>
<arguments>
<arg>${passed}</arg>
<arg>Poista tasoristeys</arg>
</arguments>
<status status="PASS" starttime="20201210 16:24:38.516" endtime="20201210 16:24:38.516"></status>
</kw>
<status status="PASS" starttime="20201210 16:24:34.308" endtime="20201210 16:24:38.516"></status>
</kw>
<kw name="Click Element" library="SeleniumLibrary">
<doc>Click the element identified by ``locator``.</doc>
<arguments>
<arg>${Muokkaustila_AddTool}</arg>
</arguments>
<msg timestamp="20201210 16:24:38.516" level="INFO">Clicking element 'css=.panel-group:not([style="display: none;"]) .action.add'.</msg>
<status status="PASS" starttime="20201210 16:24:38.516" endtime="20201210 16:24:38.964"></status>
</kw>
<kw name="Click Element At Coordinates" library="SeleniumLibrary">
<doc>Click the element ``locator`` at ``xoffset/yoffset``.</doc>
<arguments>
<arg>${kartta}</arg>
<arg>0</arg>
<arg>20</arg>
</arguments>
<msg timestamp="20201210 16:24:38.964" level="INFO">Clicking element 'id=mapdiv' at coordinates x=0, y=20.</msg>
<status status="PASS" starttime="20201210 16:24:38.964" endtime="20201210 16:24:39.894"></status>
</kw>
<kw name="Wait Until Element Is Visible" library="SeleniumLibrary">
<doc>Waits until the element ``locator`` is visible.</doc>
<arguments>
<arg>${FA_otsikko}</arg>
</arguments>
<status status="PASS" starttime="20201210 16:24:39.894" endtime="20201210 16:24:40.725"></status>
</kw>
<kw name="Täytetään tasoristeyksen kentät" library="KW_Tasoristeys">
<kw name="Select From List By Value" library="SeleniumLibrary">
<doc>Selects options from selection list ``locator`` by ``values``.</doc>
<arguments>
<arg>xpath=.//label[contains(text(), 'Turvavarustus')]/../select</arg>
<arg>2</arg>
</arguments>
<msg timestamp="20201210 16:24:40.725" level="INFO">Selecting options from selection list 'xpath=.//label[contains(text(), 'Turvavarustus')]/../select' by value 2.</msg>
<status status="PASS" starttime="20201210 16:24:40.725" endtime="20201210 16:24:42.226"></status>
</kw>
<kw name="Input Text" library="SeleniumLibrary">
<doc>Types the given ``text`` into the text field identified by ``locator``.</doc>
<arguments>
<arg>xpath=.//label[contains(text(), 'Nimi')]/../input</arg>
<arg>Testi</arg>
</arguments>
<msg timestamp="20201210 16:24:42.226" level="INFO">Typing text 'Testi' into text field 'xpath=.//label[contains(text(), 'Nimi')]/../input'.</msg>
<status status="PASS" starttime="20201210 16:24:42.226" endtime="20201210 16:24:42.947"></status>
</kw>
<status status="PASS" starttime="20201210 16:24:40.725" endtime="20201210 16:24:42.947"></status>
</kw>
<kw name="Click Element" library="SeleniumLibrary">
<doc>Click the element identified by ``locator``.</doc>
<arguments>
<arg>${FA_footer_Tallenna}</arg>
</arguments>
<msg timestamp="20201210 16:24:42.947" level="INFO">Clicking element 'css=footer .save.btn.btn-primary'.</msg>
<status status="PASS" starttime="20201210 16:24:42.947" endtime="20201210 16:24:43.404"></status>
</kw>
<kw name="Wait Until Element Is Not Visible" library="SeleniumLibrary">
<doc>Waits until the element ``locator`` is not visible.</doc>
<arguments>
<arg>${Spinner_Overlay}</arg>
</arguments>
<status status="PASS" starttime="20201210 16:24:43.404" endtime="20201210 16:24:47.954"></status>
</kw>
<status status="PASS" starttime="20201210 16:24:33.209" endtime="20201210 16:24:47.954"></status>
</kw>
<kw name="Siirry Katselutilaan" library="common_keywords">
<kw name="Wait Until Element Is Visible" library="SeleniumLibrary">
<doc>Waits until the element ``locator`` is visible.</doc>
<arguments>
<arg>${Siirry katselutilaan}</arg>
</arguments>
<status status="PASS" starttime="20201210 16:24:47.955" endtime="20201210 16:24:48.376"></status>
</kw>
<kw name="Click Button" library="SeleniumLibrary">
<doc>Clicks the button identified by ``locator``.</doc>
<arguments>
<arg>${Siirry katselutilaan}</arg>
</arguments>
<msg timestamp="20201210 16:24:48.376" level="INFO">Clicking button 'css=.panel-group:not([style="display: none;"]) .action-mode-btn.btn.btn-block.read-only-btn.btn-secondary'.</msg>
<status status="PASS" starttime="20201210 16:24:48.376" endtime="20201210 16:24:49.433"></status>
</kw>
<kw name="Wait Until Element Is Not Visible" library="SeleniumLibrary">
<doc>Waits until the element ``locator`` is not visible.</doc>
<arguments>
<arg>${Map_popup}</arg>
</arguments>
<status status="PASS" starttime="20201210 16:24:49.433" endtime="20201210 16:24:49.854"></status>
</kw>
<status status="PASS" starttime="20201210 16:24:47.954" endtime="20201210 16:24:49.854"></status>
</kw>
<kw name="Click Element At Coordinates" library="SeleniumLibrary">
<doc>Click the element ``locator`` at ``xoffset/yoffset``.</doc>
<arguments>
<arg>${Kartta}</arg>
<arg>0</arg>
<arg>20</arg>
</arguments>
<msg timestamp="20201210 16:24:49.854" level="INFO">Clicking element 'id=mapdiv' at coordinates x=0, y=20.</msg>
<status status="PASS" starttime="20201210 16:24:49.854" endtime="20201210 16:24:50.808"></status>
</kw>
<kw name="Wait Until Element Is Visible" library="SeleniumLibrary">
<doc>Waits until the element ``locator`` is visible.</doc>
<arguments>
<arg>${FA_otsikko}</arg>
</arguments>
<status status="PASS" starttime="20201210 16:24:50.808" endtime="20201210 16:24:51.638"></status>
</kw>
<kw name="Element Should Contain" library="SeleniumLibrary">
<doc>Verifies that element ``locator`` contains text ``expected``.</doc>
<arguments>
<arg>${FA_Lisätty_Järjestelmään}</arg>
<arg>${date}</arg>
</arguments>
<msg timestamp="20201210 16:24:52.062" level="INFO">Element 'css=#feature-attributes .form-group:first-of-type .form-control-static.asset-log-info' contains text '10.12.2020'.</msg>
<status status="PASS" starttime="20201210 16:24:51.638" endtime="20201210 16:24:52.062"></status>
</kw>
<kw name="Poista Kohde" library="common_keywords">
<kw name="Siirry Muokkaustilaan" library="common_keywords">
<kw name="Wait Until Element Is Visible" library="SeleniumLibrary">
<doc>Waits until the element ``locator`` is visible.</doc>
<arguments>
<arg>${Siirry muokkaustilaan}</arg>
</arguments>
<status status="PASS" starttime="20201210 16:24:52.062" endtime="20201210 16:24:52.486"></status>
</kw>
<kw name="Click Element" library="SeleniumLibrary">
<doc>Click the element identified by ``locator``.</doc>
<arguments>
<arg>${Siirry muokkaustilaan}</arg>
</arguments>
<msg timestamp="20201210 16:24:52.487" level="INFO">Clicking element 'css=.panel-group:not([style="display: none;"]) .action-mode-btn.btn.btn-block.edit-mode-btn.btn-primary'.</msg>
<status status="PASS" starttime="20201210 16:24:52.486" endtime="20201210 16:24:52.946"></status>
</kw>
<status status="PASS" starttime="20201210 16:24:52.062" endtime="20201210 16:24:52.946"></status>
</kw>
<kw name="Click Element" library="SeleniumLibrary">
<doc>Click the element identified by ``locator``.</doc>
<arguments>
<arg>${FA_Poista_chkbx}</arg>
</arguments>
<msg timestamp="20201210 16:24:52.947" level="INFO">Clicking element 'id=delete-checkbox'.</msg>
<status status="PASS" starttime="20201210 16:24:52.946" endtime="20201210 16:24:53.401"></status>
</kw>
<kw name="Click Element" library="SeleniumLibrary">
<doc>Click the element identified by ``locator``.</doc>
<arguments>
<arg>${FA_footer_Tallenna}</arg>
</arguments>
<msg timestamp="20201210 16:24:53.401" level="INFO">Clicking element 'css=footer .save.btn.btn-primary'.</msg>
<status status="PASS" starttime="20201210 16:24:53.401" endtime="20201210 16:24:53.844"></status>
</kw>
<kw name="Wait Until Element Is Not Visible" library="SeleniumLibrary">
<doc>Waits until the element ``locator`` is not visible.</doc>
<arguments>
<arg>css=.spinner-overlay.modal-overlay</arg>
</arguments>
<msg timestamp="20201210 16:24:58.406" level="INFO">Suppressing StaleElementReferenceException from Selenium.</msg>
<status status="PASS" starttime="20201210 16:24:53.844" endtime="20201210 16:24:58.818"></status>
</kw>
<kw name="Siirry Katselutilaan" library="common_keywords">
<kw name="Wait Until Element Is Visible" library="SeleniumLibrary">
<doc>Waits until the element ``locator`` is visible.</doc>
<arguments>
<arg>${Siirry katselutilaan}</arg>
</arguments>
<status status="PASS" starttime="20201210 16:24:58.819" endtime="20201210 16:24:59.241"></status>
</kw>
<kw name="Click Button" library="SeleniumLibrary">
<doc>Clicks the button identified by ``locator``.</doc>
<arguments>
<arg>${Siirry katselutilaan}</arg>
</arguments>
<msg timestamp="20201210 16:24:59.241" level="INFO">Clicking button 'css=.panel-group:not([style="display: none;"]) .action-mode-btn.btn.btn-block.read-only-btn.btn-secondary'.</msg>
<status status="PASS" starttime="20201210 16:24:59.241" endtime="20201210 16:25:00.306"></status>
</kw>
<kw name="Wait Until Element Is Not Visible" library="SeleniumLibrary">
<doc>Waits until the element ``locator`` is not visible.</doc>
<arguments>
<arg>${Map_popup}</arg>
</arguments>
<status status="PASS" starttime="20201210 16:25:00.306" endtime="20201210 16:25:00.731"></status>
</kw>
<status status="PASS" starttime="20201210 16:24:58.818" endtime="20201210 16:25:00.731"></status>
</kw>
<status status="PASS" starttime="20201210 16:24:52.062" endtime="20201210 16:25:00.731"></status>
</kw>
<status status="PASS" starttime="20201210 16:24:00.676" endtime="20201210 16:25:00.731"></status>
</kw>
<doc>Rautatien tasoristeys, selain: Chrome
- Luodaan uusi kunnan ylläpitämä Rautatien tasoristeys ja tarkistetaan formin validoinnit, sekä tietojen tallentuminen.</doc>
<tags>
<tag>Mandatory</tag>
<tag>Tasoristeys</tag>
</tags>
<status status="PASS" starttime="20201210 16:23:56.770" endtime="20201210 16:25:00.732" critical="yes"></status>
</test>
<kw name="Close Browser" library="SeleniumLibrary" type="teardown">
<doc>Closes the current browser.</doc>
<status status="PASS" starttime="20201210 16:25:00.740" endtime="20201210 16:25:03.015"></status>
</kw>
<doc>Regression testcases for Digiroad</doc>
<status status="PASS" starttime="20201210 16:23:34.660" endtime="20201210 16:25:03.015"></status>
</suite>
<statistics>
<total>
<stat pass="1" fail="0">Critical Tests</stat>
<stat pass="1" fail="0">All Tests</stat>
</total>
<tag>
<stat pass="1" fail="0">Mandatory</stat>
<stat pass="1" fail="0">Tasoristeys</stat>
</tag>
<suite>
<stat pass="1" fail="0" id="s1" name="testcases Tasoristeys">testcases Tasoristeys</stat>
</suite>
</statistics>
<errors>
</errors>
</robot>
